<?xml version="1.0" encoding="UTF-8"?>
<!-- Generated by org.testng.reporters.JUnitXMLReporter -->
<testsuite ignored="0" hostname="DESKTOP-2JPVAKH" failures="0" tests="4" name="PetTests" time="11.322" errors="0" timestamp="2024-12-15T11:46:26 IST">
  <testcase classname="api.test.UserTests2" name="testPostUser" time="5.201"/>
  <testcase classname="api.test.UserTests2" name="testGetUserByName" time="1.353"/>
  <testcase classname="api.test.UserTests2" name="testUpdateUserByName" time="2.768"/>
  <testcase classname="api.test.UserTests2" name="testDeleteUserByName" time="1.228"/>
</testsuite> <!-- PetTests -->
