<?xml version="1.0" encoding="UTF-8"?>
<!-- Generated by org.testng.reporters.JUnitXMLReporter -->
<testsuite ignored="0" hostname="DESKTOP-2JPVAKH" failures="0" tests="4" name="PetTests" time="13.205" errors="0" timestamp="2024-12-14T11:11:48 IST">
  <testcase classname="api.test.UserTests2" name="testPostUser" time="6.478"/>
  <testcase classname="api.test.UserTests2" name="testGetUserByName" time="1.255"/>
  <testcase classname="api.test.UserTests2" name="testUpdateUserByName" time="2.668"/>
  <testcase classname="api.test.UserTests2" name="testDeleteUserByName" time="1.566"/>
</testsuite> <!-- PetTests -->
